\BOOKMARK [1][-]{section.1}{Introducci\363n}{}% 1
\BOOKMARK [1][-]{section.2}{La historia de PCEOM\323N}{}% 2
\BOOKMARK [2][-]{subsection.2.1}{Marzo 2019: el nacimiento de una idea}{section.2}% 3
\BOOKMARK [2][-]{subsection.2.2}{Nuestros inicios: el equipo.}{section.2}% 4
\BOOKMARK [2][-]{subsection.2.3}{Octubre 2019: el dise\361o, el c\363digo.}{section.2}% 5
\BOOKMARK [2][-]{subsection.2.4}{Enero 2020: la primera piedra.}{section.2}% 6
\BOOKMARK [2][-]{subsection.2.5}{Julio 2020: la resurrecci\363n.}{section.2}% 7
\BOOKMARK [2][-]{subsection.2.6}{Octubre 2020: God comes to our lives}{section.2}% 8
\BOOKMARK [2][-]{subsection.2.7}{El equipo se hace m\341s grande}{section.2}% 9
\BOOKMARK [2][-]{subsection.2.8}{2021: El desarrollo y PCEODOC.}{section.2}% 10
\BOOKMARK [1][-]{section.3}{El LORE de PCEOM\323N}{}% 11
\BOOKMARK [1][-]{section.4}{PCEOMONES mayores}{}% 12
\BOOKMARK [2][-]{subsection.4.1}{Paco}{section.4}% 13
\BOOKMARK [3][-]{subsubsection.4.1.1}{Biograf\355a}{subsection.4.1}% 14
\BOOKMARK [3][-]{subsubsection.4.1.2}{Habilidades}{subsection.4.1}% 15
\BOOKMARK [3][-]{subsubsection.4.1.3}{Trivia}{subsection.4.1}% 16
\BOOKMARK [2][-]{subsection.4.2}{Karbajo}{section.4}% 17
\BOOKMARK [3][-]{subsubsection.4.2.1}{Biograf\355a}{subsection.4.2}% 18
\BOOKMARK [3][-]{subsubsection.4.2.2}{Habilidades}{subsection.4.2}% 19
\BOOKMARK [3][-]{subsubsection.4.2.3}{Trivia}{subsection.4.2}% 20
\BOOKMARK [2][-]{subsection.4.3}{Chito}{section.4}% 21
\BOOKMARK [3][-]{subsubsection.4.3.1}{Biograf\355a}{subsection.4.3}% 22
\BOOKMARK [3][-]{subsubsection.4.3.2}{Habilidades}{subsection.4.3}% 23
\BOOKMARK [3][-]{subsubsection.4.3.3}{Trivia}{subsection.4.3}% 24
\BOOKMARK [2][-]{subsection.4.4}{Azul42}{section.4}% 25
\BOOKMARK [3][-]{subsubsection.4.4.1}{Biograf\355a}{subsection.4.4}% 26
\BOOKMARK [3][-]{subsubsection.4.4.2}{Habilidades}{subsection.4.4}% 27
\BOOKMARK [3][-]{subsubsection.4.4.3}{Trivia}{subsection.4.4}% 28
\BOOKMARK [2][-]{subsection.4.5}{Armada}{section.4}% 29
\BOOKMARK [3][-]{subsubsection.4.5.1}{Biograf\355a}{subsection.4.5}% 30
\BOOKMARK [3][-]{subsubsection.4.5.2}{Habilidades}{subsection.4.5}% 31
\BOOKMARK [3][-]{subsubsection.4.5.3}{Trivia}{subsection.4.5}% 32
\BOOKMARK [2][-]{subsection.4.6}{Alparko}{section.4}% 33
\BOOKMARK [3][-]{subsubsection.4.6.1}{Biograf\355a}{subsection.4.6}% 34
\BOOKMARK [3][-]{subsubsection.4.6.2}{Habilidades}{subsection.4.6}% 35
\BOOKMARK [3][-]{subsubsection.4.6.3}{Trivia}{subsection.4.6}% 36
\BOOKMARK [1][-]{section.5}{PCEOMONES menores}{}% 37
\BOOKMARK [2][-]{subsection.5.1}{Cafetera comunista}{section.5}% 38
\BOOKMARK [2][-]{subsection.5.2}{Funci\363n de Weierstra\337}{section.5}% 39
\BOOKMARK [2][-]{subsection.5.3}{Marinera de cantor}{section.5}% 40
\BOOKMARK [2][-]{subsection.5.4}{Teclado}{section.5}% 41
\BOOKMARK [1][-]{section.6}{Bosses}{}% 42
\BOOKMARK [2][-]{subsection.6.1}{GPantanos}{section.6}% 43
